{
  "stats": {
    "suites": 0,
    "tests": 2,
    "passes": 0,
    "pending": 0,
    "failures": 2,
    "start": "2023-12-26T15:16:33.644Z",
    "end": "2023-12-26T15:17:01.739Z",
    "duration": 28095,
    "testsRegistered": 2,
    "passPercent": 0,
    "pendingPercent": 0,
    "other": 0,
    "hasOther": false,
    "skipped": 0,
    "hasSkipped": false
  },
  "results": [
    {
      "uuid": "6840767a-5bfe-422c-8708-c8a1988df28a",
      "title": "",
      "fullFile": "cypress\\e2e\\2-advanced-examples\\Blaistenio\\MiniCart.cy.js",
      "file": "cypress\\e2e\\2-advanced-examples\\Blaistenio\\MiniCart.cy.js",
      "beforeHooks": [],
      "afterHooks": [],
      "tests": [
        {
          "title": "Validar insertar productos y cantidad de productos en MiniCart",
          "fullTitle": "Validar insertar productos y cantidad de productos en MiniCart",
          "timedOut": null,
          "duration": 11834,
          "state": "failed",
          "speed": null,
          "pass": false,
          "fail": true,
          "pending": false,
          "context": null,
          "code": "A.IniciandoLaEntrada();\nZ.ArticulosAlMinicart();",
          "err": {
            "message": "AssertionError: Timed out retrying after 4000ms: Expected to find element: `.vtex-slider-layout-0-x-slide--firstVisible.vtex-slider-layout-0-x-slide--visible > .vtex-slider-layout-0-x-slideChildrenContainer > .vtex-product-summary-2-x-container > .vtex-product-summary-2-x-clearLink > .vtex-product-summary-2-x-element > .blaistenio-store-theme-27SsCAKM7isEITd2ltr2Ua > .vtex-addToCart-button`, but never found it.",
            "estack": "AssertionError: Timed out retrying after 4000ms: Expected to find element: `.vtex-slider-layout-0-x-slide--firstVisible.vtex-slider-layout-0-x-slide--visible > .vtex-slider-layout-0-x-slideChildrenContainer > .vtex-product-summary-2-x-container > .vtex-product-summary-2-x-clearLink > .vtex-product-summary-2-x-element > .blaistenio-store-theme-27SsCAKM7isEITd2ltr2Ua > .vtex-addToCart-button`, but never found it.\n    at Minicart.BotonAgregar (webpack:///./cypress/CLASS-Blaisten/MiniCart.js:10:14)\n    at Minicart.ArticulosAlMinicart (webpack:///./cypress/CLASS-Blaisten/MiniCart.js:95:9)\n    at Context.eval (webpack:///./cypress/e2e/2-advanced-examples/Blaistenio/MiniCart.cy.js:21:6)",
            "diff": null
          },
          "uuid": "5d2f4ca2-7a9c-4184-92c4-f36d0f5891f1",
          "parentUUID": "6840767a-5bfe-422c-8708-c8a1988df28a",
          "isHook": false,
          "skipped": false
        },
        {
          "title": "Validar borrar productos en el MiniCart",
          "fullTitle": "Validar borrar productos en el MiniCart",
          "timedOut": null,
          "duration": 13363,
          "state": "failed",
          "speed": null,
          "pass": false,
          "fail": true,
          "pending": false,
          "context": null,
          "code": "A.IniciandoLaEntrada();\nZ.BorrarArticulosMiniCart();",
          "err": {
            "message": "AssertionError: Timed out retrying after 4000ms: Expected to find element: `.vtex-slider-layout-0-x-slide--firstVisible.vtex-slider-layout-0-x-slide--visible > .vtex-slider-layout-0-x-slideChildrenContainer > .vtex-product-summary-2-x-container > .vtex-product-summary-2-x-clearLink > .vtex-product-summary-2-x-element > .blaistenio-store-theme-27SsCAKM7isEITd2ltr2Ua > .vtex-addToCart-button`, but never found it.",
            "estack": "AssertionError: Timed out retrying after 4000ms: Expected to find element: `.vtex-slider-layout-0-x-slide--firstVisible.vtex-slider-layout-0-x-slide--visible > .vtex-slider-layout-0-x-slideChildrenContainer > .vtex-product-summary-2-x-container > .vtex-product-summary-2-x-clearLink > .vtex-product-summary-2-x-element > .blaistenio-store-theme-27SsCAKM7isEITd2ltr2Ua > .vtex-addToCart-button`, but never found it.\n    at Minicart.BotonAgregar (webpack:///./cypress/CLASS-Blaisten/MiniCart.js:10:14)\n    at Minicart.BorrarArticulosMiniCart (webpack:///./cypress/CLASS-Blaisten/MiniCart.js:115:9)\n    at Context.eval (webpack:///./cypress/e2e/2-advanced-examples/Blaistenio/MiniCart.cy.js:25:6)",
            "diff": null
          },
          "uuid": "ae7a7373-b571-47c0-ae6f-23bc004e3769",
          "parentUUID": "6840767a-5bfe-422c-8708-c8a1988df28a",
          "isHook": false,
          "skipped": false
        }
      ],
      "suites": [],
      "passes": [],
      "failures": [
        "5d2f4ca2-7a9c-4184-92c4-f36d0f5891f1",
        "ae7a7373-b571-47c0-ae6f-23bc004e3769"
      ],
      "pending": [],
      "skipped": [],
      "duration": 25197,
      "root": true,
      "rootEmpty": false,
      "_timeout": 2000
    }
  ],
  "meta": {
    "mocha": {
      "version": "7.0.1"
    },
    "mochawesome": {
      "options": {
        "quiet": false,
        "reportFilename": "mochawesome",
        "saveHtml": true,
        "saveJson": true,
        "consoleReporter": "spec",
        "useInlineDiffs": false,
        "code": true
      },
      "version": "7.1.3"
    },
    "marge": {
      "options": null,
      "version": "6.2.0"
    }
  }
}